0 info it worked if it ends with ok
1 verbose cli [ '/usr/bin/node', '/usr/bin/npm', 'run', 'build' ]
2 info using npm@3.5.2
3 info using node@v8.10.0
4 verbose run-script [ 'prebuild', 'build', 'postbuild' ]
5 info lifecycle game@1.0.0~prebuild: game@1.0.0
6 silly lifecycle game@1.0.0~prebuild: no script for prebuild, continuing
7 info lifecycle game@1.0.0~build: game@1.0.0
8 verbose lifecycle game@1.0.0~build: unsafe-perm in lifecycle true
9 verbose lifecycle game@1.0.0~build: PATH: /usr/share/npm/bin/node-gyp-bin:/home/brian/game/node_modules/.bin:/usr/local/sbin:/usr/local/bin:/usr/sbin:/usr/bin:/sbin:/bin:/usr/games:/usr/local/games:/mnt/c/Program Files/WindowsApps/CanonicalGroupLimited.UbuntuonWindows_1804.2019.521.0_x64__79rhkp1fndgsc:/mnt/c/Program Files/Oculus/Support/oculus-runtime:/mnt/c/Windows/System32:/mnt/c/Windows:/mnt/c/Windows/System32/wbem:/mnt/c/Windows/System32/WindowsPowerShell/v1.0:/mnt/c/Windows/System32/OpenSSH:/mnt/c/Program Files/NVIDIA Corporation/NVIDIA NvDLISR:/mnt/c/Program Files (x86)/NVIDIA Corporation/PhysX/Common:/mnt/c/Users/me/AppData/Local/Microsoft/WindowsApps:/mnt/c/Users/me/AppData/Local/Programs/Microsoft VS Code/bin:/snap/bin
10 verbose lifecycle game@1.0.0~build: CWD: /home/brian/game
11 silly lifecycle game@1.0.0~build: Args: [ '-c', 'webpack' ]
12 silly lifecycle game@1.0.0~build: Returned: code: 2  signal: null
13 info lifecycle game@1.0.0~build: Failed to exec build script
14 verbose stack Error: game@1.0.0 build: `webpack`
14 verbose stack Exit status 2
14 verbose stack     at EventEmitter.<anonymous> (/usr/share/npm/lib/utils/lifecycle.js:232:16)
14 verbose stack     at emitTwo (events.js:126:13)
14 verbose stack     at EventEmitter.emit (events.js:214:7)
14 verbose stack     at ChildProcess.<anonymous> (/usr/share/npm/lib/utils/spawn.js:24:14)
14 verbose stack     at emitTwo (events.js:126:13)
14 verbose stack     at ChildProcess.emit (events.js:214:7)
14 verbose stack     at maybeClose (internal/child_process.js:925:16)
14 verbose stack     at Process.ChildProcess._handle.onexit (internal/child_process.js:209:5)
15 verbose pkgid game@1.0.0
16 verbose cwd /home/brian/game
17 error Linux 4.4.0-17763-Microsoft
18 error argv "/usr/bin/node" "/usr/bin/npm" "run" "build"
19 error node v8.10.0
20 error npm  v3.5.2
21 error code ELIFECYCLE
22 error game@1.0.0 build: `webpack`
22 error Exit status 2
23 error Failed at the game@1.0.0 build script 'webpack'.
23 error Make sure you have the latest version of node.js and npm installed.
23 error If you do, this is most likely a problem with the game package,
23 error not with npm itself.
23 error Tell the author that this fails on your system:
23 error     webpack
23 error You can get information on how to open an issue for this project with:
23 error     npm bugs game
23 error Or if that isn't available, you can get their info via:
23 error     npm owner ls game
23 error There is likely additional logging output above.
24 verbose exit [ 1, true ]
