Arguments: 
  /usr/bin/node /mnt/c/Program Files (x86)/Yarn/bin/yarn.js install

PATH: 
  /usr/local/sbin:/usr/local/bin:/usr/sbin:/usr/bin:/sbin:/bin:/usr/games:/usr/local/games:/mnt/c/Program Files/WindowsApps/TheDebianProject.DebianGNULinux_1.4.0.0_x64__76v4gfsz19hv4:/mnt/c/Program Files/Oculus/Support/oculus-runtime:/mnt/c/Program Files (x86)/Razer Chroma SDK/bin:/mnt/c/Program Files/Razer Chroma SDK/bin:/mnt/c/Program Files (x86)/Common Files/Oracle/Java/javapath:/mnt/c/Windows/system32:/mnt/c/Windows:/mnt/c/Windows/System32/Wbem:/mnt/c/Windows/System32/WindowsPowerShell/v1.0/:/mnt/c/Windows/System32/OpenSSH/:/mnt/c/Program Files/Git/cmd:/mnt/c/Program Files/nodejs/:/mnt/c/Program Files (x86)/Yarn/bin/:/mnt/c/Users/brian/AppData/Local/Programs/Python/Python38/Scripts/:/mnt/c/Users/brian/AppData/Local/Programs/Python/Python38/:/mnt/c/Users/brian/AppData/Local/Microsoft/WindowsApps:/mnt/c/Users/brian/AppData/Local/Programs/Microsoft VS Code/bin:/mnt/c/Users/brian/AppData/Local/GitHubDesktop/bin:/mnt/c/Users/brian/AppData/Roaming/npm:/mnt/c/Users/brian/AppData/Local/Yarn/bin:/mnt/c/WINDOWS/system32:/mnt/c/WINDOWS:/mnt/c/WINDOWS/System32/Wbem:/mnt/c/WINDOWS/System32/WindowsPowerShell/v1.0/:/mnt/c/WINDOWS/System32/OpenSSH/:/mnt/c/Program Files/Intel/WiFi/bin/:/mnt/c/Program Files/Common Files/Intel/WirelessCommon/:/mnt/c/Program Files/NVIDIA Corporation/NVIDIA NvDLISR:/mnt/c/WINDOWS/system32:/mnt/c/WINDOWS:/mnt/c/WINDOWS/System32/Wbem:/mnt/c/WINDOWS/System32/WindowsPowerShell/v1.0/:/mnt/c/WINDOWS/System32/OpenSSH/:/mnt/c/Program Files (x86)/dotnet/:/mnt/c/Program Files/dotnet/:/mnt/c/Program Files (x86)/NVIDIA Corporation/PhysX/Common:/mnt/c/Users/brian/AppData/Local/hyper/app-3.0.2/resources/bin

Yarn version: 
  1.19.0

Node version: 
  10.24.0

Platform: 
  linux x64

Trace: 
  SyntaxError: /home/beep/special-adventure2/package.json: Unexpected token } in JSON at position 1827
      at JSON.parse (<anonymous>)
      at /mnt/c/Program Files (x86)/Yarn/lib/cli.js:1625:59
      at Generator.next (<anonymous>)
      at step (/mnt/c/Program Files (x86)/Yarn/lib/cli.js:304:30)
      at /mnt/c/Program Files (x86)/Yarn/lib/cli.js:315:13

npm manifest: 
  {
    "name": "game",
    "version": "1.0.0",
    "main": "index.js",
    "private": true,
    "scripts": {
      "build": "react-scripts build",
      "start": "node scripts/start.js"
    },
    "author": "",
    "license": "ISC",
    "description": "",
    "dependencies": {
      "@babel/core": "^7.4.5",
      "@babel/plugin-syntax-dynamic-import": "^7.2.0",
      "@babel/preset-env": "^7.4.5",
      "@babylonjs/core": "^4.0.3",
      "@babylonjs/materials": "^4.0.3",
      "@types/babylonjs": "^2.4.1",
      "@types/webpack-env": "^1.13.9",
      "@typescript-eslint/parser": "^2.6.0",
      "awesome-typescript-loader": "^5.2.1",
      "case-sensitive-paths-webpack-plugin": "^2.2.0",
      "css-loader": "^3.0.0",
      "eslint-config-react-app": "^5.0.2",
      "eslint-loader": "^3.0.2",
      "eslint-plugin-node": "9.1.0",
      "eslint-plugin-promise": "4.2.1",
      "express": "^4.17.1",
      "file-loader": "^4.0.0",
      "html-loader": "^0.5.5",
      "html-webpack-plugin": "4.0.0-beta.5",
      "lodash": "^4.17.11",
      "mini-css-extract-plugin": "^0.8.0",
      "optimize-css-assets-webpack-plugin": "^5.0.3",
      "paths": "^0.1.1",
      "pixi.js": "^5.1.5",
      "pnp-webpack-plugin": "^1.5.0",
      "postcss-normalize": "^8.0.1",
      "postcss-safe-parser": "^4.0.1",
      "react": "^16.11.0",
      "react-dom": "^16.11.0",
      "react-router": "^5.1.2",
      "react-router-dom": "^5.1.2",
      "react-scripts": "^4.0.3",
      "resolve": "^1.12.0",
      "resolve-url-loader": "^3.1.0",
      "source-map-loader": "^0.2.4",
      "style-loader": "^0.23.1",
      "terser-webpack-plugin": "^2.2.1",
      "ts-loader": "^6.0.4",
      "url-loader": "^2.2.0",
      "workbox-webpack-plugin": "^4.3.1",
      "yarn": "^1.16.0"
    },
    "devDependencies": {
      "@typescript-eslint/eslint-plugin": "^2.6.0",
      "prettier": "^1.18.2",
      "react-dev-utils": "^9.1.0",
      "typescript": "^3.5.2",
    },
    "browserslist": {
      "production": [
        ">0.2%",
        "not dead",
        "not op_mini all"
      ],
      "development": [
        "last 1 chrome version",
        "last 1 firefox version",
        "last 1 safari version"
      ]
    }
  }

yarn manifest: 
  No manifest

Lockfile: 
  No lockfile
